#------------------------------------------------------------------------------
# System data
#

# test run info
shells: /bin/sh /bin/bash /bin/dash /bin/ksh /bin/pdksh /bin/zsh
tests:  shunit2_test_asserts.sh shunit2_test_failures.sh shunit2_test_macros.sh shunit2_test_misc.sh shunit2_test_standalone.sh

# system info
$ date
Fri Apr 22 01:32:24 UTC 2011

$ uname -mprsv
Linux 2.6.32-30-server #59-Ubuntu SMP Tue Mar 1 22:46:09 UTC 2011 x86_64 unknown


#------------------------------------------------------------------------------
# Running the test suite with /bin/sh
#
shell name: sh
shell version: unknown

--- Executing the 'asserts' test suite ---
testAssertEquals
testAssertNotEquals
testAssertSame
testAssertNotSame
testAssertNull
testAssertNotNull
testAssertTrue
testAssertFalse

Ran 8 tests.

OK

--- Executing the 'failures' test suite ---
testFail
testFailNotEquals
testFailSame

Ran 3 tests.

OK

--- Executing the 'macros' test suite ---
testAssertEquals
testAssertNotEquals
testSame
testNotSame
testNull
testNotNull
testAssertTrue
testAssertFalse
testFail
testFailNotEquals
testFailSame
testFailNotSame

Ran 12 tests.

OK (skipped=24)

--- Executing the 'misc' test suite ---
testUnboundVariable
testIssue7
testPrepForSourcing
testEscapeCharInStr
ASSERT:expected:<> but was:<\'>
ASSERT:expected:<abc\'> but was:<abc'\'>
ASSERT:expected:<abc\'def> but was:<abc'def\'>
ASSERT:expected:<\'def> but was:<'def\'>
ASSERT:expected:<> but was:<\`>
ASSERT:expected:<\`abc> but was:<\``abc>
ASSERT:expected:<abc\`> but was:<\`abc`>
ASSERT:expected:<abc\`def> but was:<\`abc`def>
testEscapeCharInStr_specialChars
testExtractTestFunctions

Ran 6 tests.

FAILED (failures=8)

--- Executing the 'standalone' test suite ---
testStandalone

Ran 1 test.

OK


#------------------------------------------------------------------------------
# Running the test suite with /bin/bash
#
shell name: bash
shell version: 4.1.5(1)-release

--- Executing the 'asserts' test suite ---
testAssertEquals
testAssertNotEquals
testAssertSame
testAssertNotSame
testAssertNull
testAssertNotNull
testAssertTrue
testAssertFalse

Ran 8 tests.

OK

--- Executing the 'failures' test suite ---
testFail
testFailNotEquals
testFailSame

Ran 3 tests.

OK

--- Executing the 'macros' test suite ---
testAssertEquals
testAssertNotEquals
testSame
testNotSame
testNull
testNotNull
testAssertTrue
testAssertFalse
testFail
testFailNotEquals
testFailSame
testFailNotSame

Ran 12 tests.

OK

--- Executing the 'misc' test suite ---
testUnboundVariable
testIssue7
testPrepForSourcing
testEscapeCharInStr
ASSERT:expected:<> but was:<\'>
ASSERT:expected:<abc\'> but was:<abc'\'>
ASSERT:expected:<abc\'def> but was:<abc'def\'>
ASSERT:expected:<\'def> but was:<'def\'>
ASSERT:expected:<> but was:<\`>
ASSERT:expected:<\`abc> but was:<\``abc>
ASSERT:expected:<abc\`> but was:<\`abc`>
ASSERT:expected:<abc\`def> but was:<\`abc`def>
testEscapeCharInStr_specialChars
testExtractTestFunctions

Ran 6 tests.

FAILED (failures=8)

--- Executing the 'standalone' test suite ---
testStandalone

Ran 1 test.

OK


#------------------------------------------------------------------------------
# Running the test suite with /bin/dash
#
shell name: dash
shell version: 0.5.5.1-3ubuntu2

--- Executing the 'asserts' test suite ---
testAssertEquals
testAssertNotEquals
testAssertSame
testAssertNotSame
testAssertNull
testAssertNotNull
testAssertTrue
testAssertFalse

Ran 8 tests.

OK

--- Executing the 'failures' test suite ---
testFail
testFailNotEquals
testFailSame

Ran 3 tests.

OK

--- Executing the 'macros' test suite ---
testAssertEquals
testAssertNotEquals
testSame
testNotSame
testNull
testNotNull
testAssertTrue
testAssertFalse
testFail
testFailNotEquals
testFailSame
testFailNotSame

Ran 12 tests.

OK (skipped=24)

--- Executing the 'misc' test suite ---
testUnboundVariable
testIssue7
testPrepForSourcing
testEscapeCharInStr
ASSERT:expected:<> but was:<\'>
ASSERT:expected:<abc\'> but was:<abc'\'>
ASSERT:expected:<abc\'def> but was:<abc'def\'>
ASSERT:expected:<\'def> but was:<'def\'>
ASSERT:expected:<> but was:<\`>
ASSERT:expected:<\`abc> but was:<\``abc>
ASSERT:expected:<abc\`> but was:<\`abc`>
ASSERT:expected:<abc\`def> but was:<\`abc`def>
testEscapeCharInStr_specialChars
testExtractTestFunctions

Ran 6 tests.

FAILED (failures=8)

--- Executing the 'standalone' test suite ---
testStandalone

Ran 1 test.

OK



